[debug] [2025-07-17T18:07:47.574Z] ----------------------------------------------------------------------
[debug] [2025-07-17T18:07:47.582Z] Command:       C:\Program Files\nodejs\node.exe C:\Users\coope_e7jsg6y\AppData\Roaming\npm\node_modules\firebase-tools\lib\bin\firebase.js init hosting
[debug] [2025-07-17T18:07:47.583Z] CLI Version:   14.11.0
[debug] [2025-07-17T18:07:47.583Z] Platform:      win32
[debug] [2025-07-17T18:07:47.583Z] Node Version:  v22.17.0
[debug] [2025-07-17T18:07:47.583Z] Time:          Thu Jul 17 2025 15:07:47 GMT-0300 (Horário Padrão de Brasília)
[debug] [2025-07-17T18:07:47.583Z] ----------------------------------------------------------------------
[debug] 
[debug] [2025-07-17T18:07:47.591Z] > command requires scopes: ["email","openid","https://www.googleapis.com/auth/cloudplatformprojects.readonly","https://www.googleapis.com/auth/firebase","https://www.googleapis.com/auth/cloud-platform"]
[debug] [2025-07-17T18:07:47.591Z] > authorizing via signed-in user (thalesalcantara88@gmail.com)
[info] 
     ######## #### ########  ######## ########     ###     ######  ########
     ##        ##  ##     ## ##       ##     ##  ##   ##  ##       ##
     ######    ##  ########  ######   ########  #########  ######  ######
     ##        ##  ##    ##  ##       ##     ## ##     ##       ## ##
     ##       #### ##     ## ######## ########  ##     ##  ######  ########

You're about to initialize a Firebase project in this directory:

  C:\Users\coope_e7jsg6y\OneDrive\Área de Trabalho\Nova pasta

[info] 
=== Project Setup
[info] 
[info] First, let's associate this project directory with a Firebase project.
[info] You can create multiple project aliases by running firebase use --add, 
[info] but for now we'll just set up a default project.
[info] 
[debug] [2025-07-17T18:09:38.276Z] Checked if tokens are valid: true, expires at: 1752779008407
[debug] [2025-07-17T18:09:38.277Z] Checked if tokens are valid: true, expires at: 1752779008407
[debug] [2025-07-17T18:09:38.278Z] >>> [apiv2][query] GET https://firebase.googleapis.com/v1beta1/projects pageSize=100
[debug] [2025-07-17T18:09:39.594Z] <<< [apiv2][status] GET https://firebase.googleapis.com/v1beta1/projects 200
[debug] [2025-07-17T18:09:39.594Z] <<< [apiv2][body] GET https://firebase.googleapis.com/v1beta1/projects [omitted]
[info] i  Using project dnacenter-706e9 (dnacenter) 
[info] 
=== Hosting Setup
[debug] [2025-07-17T18:09:46.071Z] Checked if tokens are valid: true, expires at: 1752779008407
[debug] [2025-07-17T18:09:46.071Z] Checked if tokens are valid: true, expires at: 1752779008407
[debug] [2025-07-17T18:09:46.071Z] >>> [apiv2][query] GET https://firebase.googleapis.com/v1beta1/projects/dnacenter-706e9 [none]
[debug] [2025-07-17T18:09:46.726Z] <<< [apiv2][status] GET https://firebase.googleapis.com/v1beta1/projects/dnacenter-706e9 200
[debug] [2025-07-17T18:09:46.726Z] <<< [apiv2][body] GET https://firebase.googleapis.com/v1beta1/projects/dnacenter-706e9 {"projectId":"dnacenter-706e9","projectNumber":"902950556823","displayName":"dnacenter","name":"projects/dnacenter-706e9","resources":{"hostingSite":"dnacenter-706e9"},"state":"ACTIVE","etag":"1_d0b19359-a7a5-4da5-be1f-24e763ad887e"}
[info] 
[info] Your public directory is the folder (relative to your project directory) that
[info] will contain Hosting assets to be uploaded with firebase deploy. If you
[info] have a build process for your assets, use your build's output directory.
[info] 
[debug] [2025-07-17T18:10:23.682Z] >>> [apiv2][query] GET https://www.gstatic.com/firebasejs/releases.json [none]
[debug] [2025-07-17T18:10:24.078Z] <<< [apiv2][status] GET https://www.gstatic.com/firebasejs/releases.json 200
[debug] [2025-07-17T18:10:24.078Z] <<< [apiv2][body] GET https://www.gstatic.com/firebasejs/releases.json {"current":{"version":"11.10.0","browserURL":"https://www.gstatic.com/firebasejs/11.10.0/firebase.js","packageURL":"https://www.gstatic.com/firebasejs/11.10.0/firebase.tgz"},"live":{"version":"11.10","browserURL":"https://www.gstatic.com/firebasejs/live/11.10/firebase.js","packageURL":"https://www.gstatic.com/firebasejs/live/11.10/firebase.tgz"},"components":{"ai":"https://www.gstatic.com/firebasejs/11.10.0/firebase-ai.js","analytics":"https://www.gstatic.com/firebasejs/11.10.0/firebase-analytics.js","app":"https://www.gstatic.com/firebasejs/11.10.0/firebase-app.js","app-check":"https://www.gstatic.com/firebasejs/11.10.0/firebase-app-check.js","auth":"https://www.gstatic.com/firebasejs/11.10.0/firebase-auth.js","auth/cordova":"https://www.gstatic.com/firebasejs/11.10.0/firebase-auth/cordova.js","auth/web-extension":"https://www.gstatic.com/firebasejs/11.10.0/firebase-auth/web-extension.js","functions":"https://www.gstatic.com/firebasejs/11.10.0/firebase-functions.js","firestore":"https://www.gstatic.com/firebasejs/11.10.0/firebase-firestore.js","firestore/lite":"https://www.gstatic.com/firebasejs/11.10.0/firebase-firestore/lite.js","installations":"https://www.gstatic.com/firebasejs/11.10.0/firebase-installations.js","storage":"https://www.gstatic.com/firebasejs/11.10.0/firebase-storage.js","performance":"https://www.gstatic.com/firebasejs/11.10.0/firebase-performance.js","remote-config":"https://www.gstatic.com/firebasejs/11.10.0/firebase-remote-config.js","messaging":"https://www.gstatic.com/firebasejs/11.10.0/firebase-messaging.js","messaging/sw":"https://www.gstatic.com/firebasejs/11.10.0/firebase-messaging/sw.js","database":"https://www.gstatic.com/firebasejs/11.10.0/firebase-database.js","vertexai":"https://www.gstatic.com/firebasejs/11.10.0/firebase-vertexai.js","data-connect":"https://www.gstatic.com/firebasejs/11.10.0/firebase-data-connect.js","firestore.memory":"https://www.gstatic.com/firebasejs/11.10.0/firebase-firestore.memory.js"}}
[info] +  Wrote public/index.html 
[info] 
[info] i  Didn't detect a .git folder. Assuming C:\Users\coope_e7jsg6y\OneDrive\Área de Trabalho\Nova pasta is the project root. 
[info] i  Authorizing with GitHub to upload your service account to a GitHub repository's secrets store. 
[info] 
[info] Visit this URL on this device to log in:
[info] https://github.com/login/oauth/authorize?client_id=89cf50f02ac6aaed3484&state=559908411&redirect_uri=http%3A%2F%2Flocalhost%3A9005&scope=read%3Auser%20repo%20public_repo
[info] 
[info] Waiting for authentication...
